The system is: Linux - 5.10.76-linuxkit - aarch64
Compiling the C compiler identification source file "CMakeCCompilerId.c" succeeded.
Compiler: /usr/bin/cc 
Build flags: 
Id flags: 

The output was:
0


Compilation of the C compiler identification source "CMakeCCompilerId.c" produced "a.out"

The C compiler identification is GNU, found in "/home/adcirc-swan/adcirc_v55.01/build/CMakeFiles/2.8.12.2/CompilerIdC/a.out"

Determining if the C compiler works passed with the following output:
Change Dir: /home/adcirc-swan/adcirc_v55.01/build/CMakeFiles/CMakeTmp

Run Build Command:/usr/bin/gmake "cmTryCompileExec2449364886/fast"
/usr/bin/gmake -f CMakeFiles/cmTryCompileExec2449364886.dir/build.make CMakeFiles/cmTryCompileExec2449364886.dir/build
gmake[1]: Entering directory `/home/adcirc-swan/adcirc_v55.01/build/CMakeFiles/CMakeTmp'
/usr/bin/cmake -E cmake_progress_report /home/adcirc-swan/adcirc_v55.01/build/CMakeFiles/CMakeTmp/CMakeFiles 1
Building C object CMakeFiles/cmTryCompileExec2449364886.dir/testCCompiler.c.o
/usr/bin/cc    -o CMakeFiles/cmTryCompileExec2449364886.dir/testCCompiler.c.o   -c /home/adcirc-swan/adcirc_v55.01/build/CMakeFiles/CMakeTmp/testCCompiler.c
Linking C executable cmTryCompileExec2449364886
/usr/bin/cmake -E cmake_link_script CMakeFiles/cmTryCompileExec2449364886.dir/link.txt --verbose=1
/usr/bin/cc       CMakeFiles/cmTryCompileExec2449364886.dir/testCCompiler.c.o  -o cmTryCompileExec2449364886 -rdynamic 
gmake[1]: Leaving directory `/home/adcirc-swan/adcirc_v55.01/build/CMakeFiles/CMakeTmp'


Detecting C compiler ABI info compiled with the following output:
Change Dir: /home/adcirc-swan/adcirc_v55.01/build/CMakeFiles/CMakeTmp

Run Build Command:/usr/bin/gmake "cmTryCompileExec2316349528/fast"
/usr/bin/gmake -f CMakeFiles/cmTryCompileExec2316349528.dir/build.make CMakeFiles/cmTryCompileExec2316349528.dir/build
gmake[1]: Entering directory `/home/adcirc-swan/adcirc_v55.01/build/CMakeFiles/CMakeTmp'
/usr/bin/cmake -E cmake_progress_report /home/adcirc-swan/adcirc_v55.01/build/CMakeFiles/CMakeTmp/CMakeFiles 1
Building C object CMakeFiles/cmTryCompileExec2316349528.dir/CMakeCCompilerABI.c.o
/usr/bin/cc    -o CMakeFiles/cmTryCompileExec2316349528.dir/CMakeCCompilerABI.c.o   -c /usr/share/cmake/Modules/CMakeCCompilerABI.c
Linking C executable cmTryCompileExec2316349528
/usr/bin/cmake -E cmake_link_script CMakeFiles/cmTryCompileExec2316349528.dir/link.txt --verbose=1
/usr/bin/cc     -v CMakeFiles/cmTryCompileExec2316349528.dir/CMakeCCompilerABI.c.o  -o cmTryCompileExec2316349528 -rdynamic  
Using built-in specs.
COLLECT_GCC=/usr/bin/cc
COLLECT_LTO_WRAPPER=/usr/libexec/gcc/aarch64-redhat-linux/4.8.5/lto-wrapper
Target: aarch64-redhat-linux
Configured with: ../configure --prefix=/usr --mandir=/usr/share/man --infodir=/usr/share/info --with-bugurl=http://bugzilla.redhat.com/bugzilla --enable-bootstrap --enable-shared --enable-threads=posix --enable-checking=release --with-system-zlib --enable-__cxa_atexit --disable-libunwind-exceptions --enable-gnu-unique-object --enable-linker-build-id --with-linker-hash-style=gnu --enable-languages=c,c++,objc,obj-c++,java,fortran,ada,lto --enable-plugin --enable-initfini-array --disable-libgcj --with-isl=/builddir/build/BUILD/gcc-4.8.5-20150702/obj-aarch64-redhat-linux/isl-install --with-cloog=/builddir/build/BUILD/gcc-4.8.5-20150702/obj-aarch64-redhat-linux/cloog-install --enable-gnu-indirect-function --build=aarch64-redhat-linux
Thread model: posix
gcc version 4.8.5 20150623 (Red Hat 4.8.5-44) (GCC) 
COMPILER_PATH=/usr/libexec/gcc/aarch64-redhat-linux/4.8.5/:/usr/libexec/gcc/aarch64-redhat-linux/4.8.5/:/usr/libexec/gcc/aarch64-redhat-linux/:/usr/lib/gcc/aarch64-redhat-linux/4.8.5/:/usr/lib/gcc/aarch64-redhat-linux/
LIBRARY_PATH=/usr/lib/gcc/aarch64-redhat-linux/4.8.5/:/usr/lib/gcc/aarch64-redhat-linux/4.8.5/../../../../lib64/:/lib/../lib64/:/usr/lib/../lib64/:/usr/lib/gcc/aarch64-redhat-linux/4.8.5/../../../:/lib/:/usr/lib/
COLLECT_GCC_OPTIONS='-v' '-o' 'cmTryCompileExec2316349528' '-rdynamic'
 /usr/libexec/gcc/aarch64-redhat-linux/4.8.5/collect2 --build-id --no-add-needed --eh-frame-hdr --hash-style=gnu -export-dynamic -dynamic-linker /lib/ld-linux-aarch64.so.1 -X -o cmTryCompileExec2316349528 /usr/lib/gcc/aarch64-redhat-linux/4.8.5/../../../../lib64/crt1.o /usr/lib/gcc/aarch64-redhat-linux/4.8.5/../../../../lib64/crti.o /usr/lib/gcc/aarch64-redhat-linux/4.8.5/crtbegin.o -L/usr/lib/gcc/aarch64-redhat-linux/4.8.5 -L/usr/lib/gcc/aarch64-redhat-linux/4.8.5/../../../../lib64 -L/lib/../lib64 -L/usr/lib/../lib64 -L/usr/lib/gcc/aarch64-redhat-linux/4.8.5/../../.. CMakeFiles/cmTryCompileExec2316349528.dir/CMakeCCompilerABI.c.o -lgcc --as-needed -lgcc_s --no-as-needed -lc -lgcc --as-needed -lgcc_s --no-as-needed /usr/lib/gcc/aarch64-redhat-linux/4.8.5/crtend.o /usr/lib/gcc/aarch64-redhat-linux/4.8.5/../../../../lib64/crtn.o
gmake[1]: Leaving directory `/home/adcirc-swan/adcirc_v55.01/build/CMakeFiles/CMakeTmp'


Parsed C implicit link information from above output:
  link line regex: [^( *|.*[/\])(ld|([^/\]+-)?ld|collect2)[^/\]*( |$)]
  ignore line: [Change Dir: /home/adcirc-swan/adcirc_v55.01/build/CMakeFiles/CMakeTmp]
  ignore line: []
  ignore line: [Run Build Command:/usr/bin/gmake "cmTryCompileExec2316349528/fast"]
  ignore line: [/usr/bin/gmake -f CMakeFiles/cmTryCompileExec2316349528.dir/build.make CMakeFiles/cmTryCompileExec2316349528.dir/build]
  ignore line: [gmake[1]: Entering directory `/home/adcirc-swan/adcirc_v55.01/build/CMakeFiles/CMakeTmp']
  ignore line: [/usr/bin/cmake -E cmake_progress_report /home/adcirc-swan/adcirc_v55.01/build/CMakeFiles/CMakeTmp/CMakeFiles 1]
  ignore line: [Building C object CMakeFiles/cmTryCompileExec2316349528.dir/CMakeCCompilerABI.c.o]
  ignore line: [/usr/bin/cc    -o CMakeFiles/cmTryCompileExec2316349528.dir/CMakeCCompilerABI.c.o   -c /usr/share/cmake/Modules/CMakeCCompilerABI.c]
  ignore line: [Linking C executable cmTryCompileExec2316349528]
  ignore line: [/usr/bin/cmake -E cmake_link_script CMakeFiles/cmTryCompileExec2316349528.dir/link.txt --verbose=1]
  ignore line: [/usr/bin/cc     -v CMakeFiles/cmTryCompileExec2316349528.dir/CMakeCCompilerABI.c.o  -o cmTryCompileExec2316349528 -rdynamic  ]
  ignore line: [Using built-in specs.]
  ignore line: [COLLECT_GCC=/usr/bin/cc]
  ignore line: [COLLECT_LTO_WRAPPER=/usr/libexec/gcc/aarch64-redhat-linux/4.8.5/lto-wrapper]
  ignore line: [Target: aarch64-redhat-linux]
  ignore line: [Configured with: ../configure --prefix=/usr --mandir=/usr/share/man --infodir=/usr/share/info --with-bugurl=http://bugzilla.redhat.com/bugzilla --enable-bootstrap --enable-shared --enable-threads=posix --enable-checking=release --with-system-zlib --enable-__cxa_atexit --disable-libunwind-exceptions --enable-gnu-unique-object --enable-linker-build-id --with-linker-hash-style=gnu --enable-languages=c,c++,objc,obj-c++,java,fortran,ada,lto --enable-plugin --enable-initfini-array --disable-libgcj --with-isl=/builddir/build/BUILD/gcc-4.8.5-20150702/obj-aarch64-redhat-linux/isl-install --with-cloog=/builddir/build/BUILD/gcc-4.8.5-20150702/obj-aarch64-redhat-linux/cloog-install --enable-gnu-indirect-function --build=aarch64-redhat-linux]
  ignore line: [Thread model: posix]
  ignore line: [gcc version 4.8.5 20150623 (Red Hat 4.8.5-44) (GCC) ]
  ignore line: [COMPILER_PATH=/usr/libexec/gcc/aarch64-redhat-linux/4.8.5/:/usr/libexec/gcc/aarch64-redhat-linux/4.8.5/:/usr/libexec/gcc/aarch64-redhat-linux/:/usr/lib/gcc/aarch64-redhat-linux/4.8.5/:/usr/lib/gcc/aarch64-redhat-linux/]
  ignore line: [LIBRARY_PATH=/usr/lib/gcc/aarch64-redhat-linux/4.8.5/:/usr/lib/gcc/aarch64-redhat-linux/4.8.5/../../../../lib64/:/lib/../lib64/:/usr/lib/../lib64/:/usr/lib/gcc/aarch64-redhat-linux/4.8.5/../../../:/lib/:/usr/lib/]
  ignore line: [COLLECT_GCC_OPTIONS='-v' '-o' 'cmTryCompileExec2316349528' '-rdynamic']
  link line: [ /usr/libexec/gcc/aarch64-redhat-linux/4.8.5/collect2 --build-id --no-add-needed --eh-frame-hdr --hash-style=gnu -export-dynamic -dynamic-linker /lib/ld-linux-aarch64.so.1 -X -o cmTryCompileExec2316349528 /usr/lib/gcc/aarch64-redhat-linux/4.8.5/../../../../lib64/crt1.o /usr/lib/gcc/aarch64-redhat-linux/4.8.5/../../../../lib64/crti.o /usr/lib/gcc/aarch64-redhat-linux/4.8.5/crtbegin.o -L/usr/lib/gcc/aarch64-redhat-linux/4.8.5 -L/usr/lib/gcc/aarch64-redhat-linux/4.8.5/../../../../lib64 -L/lib/../lib64 -L/usr/lib/../lib64 -L/usr/lib/gcc/aarch64-redhat-linux/4.8.5/../../.. CMakeFiles/cmTryCompileExec2316349528.dir/CMakeCCompilerABI.c.o -lgcc --as-needed -lgcc_s --no-as-needed -lc -lgcc --as-needed -lgcc_s --no-as-needed /usr/lib/gcc/aarch64-redhat-linux/4.8.5/crtend.o /usr/lib/gcc/aarch64-redhat-linux/4.8.5/../../../../lib64/crtn.o]
    arg [/usr/libexec/gcc/aarch64-redhat-linux/4.8.5/collect2] ==> ignore
    arg [--build-id] ==> ignore
    arg [--no-add-needed] ==> ignore
    arg [--eh-frame-hdr] ==> ignore
    arg [--hash-style=gnu] ==> ignore
    arg [-export-dynamic] ==> ignore
    arg [-dynamic-linker] ==> ignore
    arg [/lib/ld-linux-aarch64.so.1] ==> ignore
    arg [-X] ==> ignore
    arg [-o] ==> ignore
    arg [cmTryCompileExec2316349528] ==> ignore
    arg [/usr/lib/gcc/aarch64-redhat-linux/4.8.5/../../../../lib64/crt1.o] ==> ignore
    arg [/usr/lib/gcc/aarch64-redhat-linux/4.8.5/../../../../lib64/crti.o] ==> ignore
    arg [/usr/lib/gcc/aarch64-redhat-linux/4.8.5/crtbegin.o] ==> ignore
    arg [-L/usr/lib/gcc/aarch64-redhat-linux/4.8.5] ==> dir [/usr/lib/gcc/aarch64-redhat-linux/4.8.5]
    arg [-L/usr/lib/gcc/aarch64-redhat-linux/4.8.5/../../../../lib64] ==> dir [/usr/lib/gcc/aarch64-redhat-linux/4.8.5/../../../../lib64]
    arg [-L/lib/../lib64] ==> dir [/lib/../lib64]
    arg [-L/usr/lib/../lib64] ==> dir [/usr/lib/../lib64]
    arg [-L/usr/lib/gcc/aarch64-redhat-linux/4.8.5/../../..] ==> dir [/usr/lib/gcc/aarch64-redhat-linux/4.8.5/../../..]
    arg [CMakeFiles/cmTryCompileExec2316349528.dir/CMakeCCompilerABI.c.o] ==> ignore
    arg [-lgcc] ==> lib [gcc]
    arg [--as-needed] ==> ignore
    arg [-lgcc_s] ==> lib [gcc_s]
    arg [--no-as-needed] ==> ignore
    arg [-lc] ==> lib [c]
    arg [-lgcc] ==> lib [gcc]
    arg [--as-needed] ==> ignore
    arg [-lgcc_s] ==> lib [gcc_s]
    arg [--no-as-needed] ==> ignore
    arg [/usr/lib/gcc/aarch64-redhat-linux/4.8.5/crtend.o] ==> ignore
    arg [/usr/lib/gcc/aarch64-redhat-linux/4.8.5/../../../../lib64/crtn.o] ==> ignore
  remove lib [gcc]
  remove lib [gcc_s]
  remove lib [gcc]
  remove lib [gcc_s]
  collapse library dir [/usr/lib/gcc/aarch64-redhat-linux/4.8.5] ==> [/usr/lib/gcc/aarch64-redhat-linux/4.8.5]
  collapse library dir [/usr/lib/gcc/aarch64-redhat-linux/4.8.5/../../../../lib64] ==> [/usr/lib64]
  collapse library dir [/lib/../lib64] ==> [/lib64]
  collapse library dir [/usr/lib/../lib64] ==> [/usr/lib64]
  collapse library dir [/usr/lib/gcc/aarch64-redhat-linux/4.8.5/../../..] ==> [/usr/lib]
  implicit libs: [c]
  implicit dirs: [/usr/lib/gcc/aarch64-redhat-linux/4.8.5;/usr/lib64;/lib64;/usr/lib]
  implicit fwks: []


Determining if the Fortran compiler is GNU succeeded with the following output:
# 1 "/usr/share/cmake/Modules/CMakeTestGNU.c"
# 1 "<built-in>"
# 1 "<command-line>"
# 1 "/usr/include/stdc-predef.h" 1 3 4
# 1 "<command-line>" 2
# 1 "/usr/share/cmake/Modules/CMakeTestGNU.c"

void THIS_IS_GNU();

Determining if the Fortran compiler is GNU succeeded with the following output:
# 1 "/usr/share/cmake/Modules/CMakeTestGNU.c"
# 1 "<built-in>"
# 1 "<command-line>"
# 1 "/usr/include/stdc-predef.h" 1 3 4
# 1 "<command-line>" 2
# 1 "/usr/share/cmake/Modules/CMakeTestGNU.c"

void THIS_IS_GNU();

