Node summary for    1 nodes:
Node    0, hostname nid001298, mpi 128, omp   1, executable xthi
MPI summary: 128 ranks 
Node    0, rank    0, thread   0, (affinity =    0) 
Node    0, rank    1, thread   0, (affinity =    1) 
Node    0, rank    2, thread   0, (affinity =    2) 
Node    0, rank    3, thread   0, (affinity =    3) 
Node    0, rank    4, thread   0, (affinity =    4) 
Node    0, rank    5, thread   0, (affinity =    5) 
Node    0, rank    6, thread   0, (affinity =    6) 
Node    0, rank    7, thread   0, (affinity =    7) 
Node    0, rank    8, thread   0, (affinity =    8) 
Node    0, rank    9, thread   0, (affinity =    9) 
Node    0, rank   10, thread   0, (affinity =   10) 
Node    0, rank   11, thread   0, (affinity =   11) 
Node    0, rank   12, thread   0, (affinity =   12) 
Node    0, rank   13, thread   0, (affinity =   13) 
Node    0, rank   14, thread   0, (affinity =   14) 
Node    0, rank   15, thread   0, (affinity =   15) 
Node    0, rank   16, thread   0, (affinity =   16) 
Node    0, rank   17, thread   0, (affinity =   17) 
Node    0, rank   18, thread   0, (affinity =   18) 
Node    0, rank   19, thread   0, (affinity =   19) 
Node    0, rank   20, thread   0, (affinity =   20) 
Node    0, rank   21, thread   0, (affinity =   21) 
Node    0, rank   22, thread   0, (affinity =   22) 
Node    0, rank   23, thread   0, (affinity =   23) 
Node    0, rank   24, thread   0, (affinity =   24) 
Node    0, rank   25, thread   0, (affinity =   25) 
Node    0, rank   26, thread   0, (affinity =   26) 
Node    0, rank   27, thread   0, (affinity =   27) 
Node    0, rank   28, thread   0, (affinity =   28) 
Node    0, rank   29, thread   0, (affinity =   29) 
Node    0, rank   30, thread   0, (affinity =   30) 
Node    0, rank   31, thread   0, (affinity =   31) 
Node    0, rank   32, thread   0, (affinity =   32) 
Node    0, rank   33, thread   0, (affinity =   33) 
Node    0, rank   34, thread   0, (affinity =   34) 
Node    0, rank   35, thread   0, (affinity =   35) 
Node    0, rank   36, thread   0, (affinity =   36) 
Node    0, rank   37, thread   0, (affinity =   37) 
Node    0, rank   38, thread   0, (affinity =   38) 
Node    0, rank   39, thread   0, (affinity =   39) 
Node    0, rank   40, thread   0, (affinity =   40) 
Node    0, rank   41, thread   0, (affinity =   41) 
Node    0, rank   42, thread   0, (affinity =   42) 
Node    0, rank   43, thread   0, (affinity =   43) 
Node    0, rank   44, thread   0, (affinity =   44) 
Node    0, rank   45, thread   0, (affinity =   45) 
Node    0, rank   46, thread   0, (affinity =   46) 
Node    0, rank   47, thread   0, (affinity =   47) 
Node    0, rank   48, thread   0, (affinity =   48) 
Node    0, rank   49, thread   0, (affinity =   49) 
Node    0, rank   50, thread   0, (affinity =   50) 
Node    0, rank   51, thread   0, (affinity =   51) 
Node    0, rank   52, thread   0, (affinity =   52) 
Node    0, rank   53, thread   0, (affinity =   53) 
Node    0, rank   54, thread   0, (affinity =   54) 
Node    0, rank   55, thread   0, (affinity =   55) 
Node    0, rank   56, thread   0, (affinity =   56) 
Node    0, rank   57, thread   0, (affinity =   57) 
Node    0, rank   58, thread   0, (affinity =   58) 
Node    0, rank   59, thread   0, (affinity =   59) 
Node    0, rank   60, thread   0, (affinity =   60) 
Node    0, rank   61, thread   0, (affinity =   61) 
Node    0, rank   62, thread   0, (affinity =   62) 
Node    0, rank   63, thread   0, (affinity =   63) 
Node    0, rank   64, thread   0, (affinity =   64) 
Node    0, rank   65, thread   0, (affinity =   65) 
Node    0, rank   66, thread   0, (affinity =   66) 
Node    0, rank   67, thread   0, (affinity =   67) 
Node    0, rank   68, thread   0, (affinity =   68) 
Node    0, rank   69, thread   0, (affinity =   69) 
Node    0, rank   70, thread   0, (affinity =   70) 
Node    0, rank   71, thread   0, (affinity =   71) 
Node    0, rank   72, thread   0, (affinity =   72) 
Node    0, rank   73, thread   0, (affinity =   73) 
Node    0, rank   74, thread   0, (affinity =   74) 
Node    0, rank   75, thread   0, (affinity =   75) 
Node    0, rank   76, thread   0, (affinity =   76) 
Node    0, rank   77, thread   0, (affinity =   77) 
Node    0, rank   78, thread   0, (affinity =   78) 
Node    0, rank   79, thread   0, (affinity =   79) 
Node    0, rank   80, thread   0, (affinity =   80) 
Node    0, rank   81, thread   0, (affinity =   81) 
Node    0, rank   82, thread   0, (affinity =   82) 
Node    0, rank   83, thread   0, (affinity =   83) 
Node    0, rank   84, thread   0, (affinity =   84) 
Node    0, rank   85, thread   0, (affinity =   85) 
Node    0, rank   86, thread   0, (affinity =   86) 
Node    0, rank   87, thread   0, (affinity =   87) 
Node    0, rank   88, thread   0, (affinity =   88) 
Node    0, rank   89, thread   0, (affinity =   89) 
Node    0, rank   90, thread   0, (affinity =   90) 
Node    0, rank   91, thread   0, (affinity =   91) 
Node    0, rank   92, thread   0, (affinity =   92) 
Node    0, rank   93, thread   0, (affinity =   93) 
Node    0, rank   94, thread   0, (affinity =   94) 
Node    0, rank   95, thread   0, (affinity =   95) 
Node    0, rank   96, thread   0, (affinity =   96) 
Node    0, rank   97, thread   0, (affinity =   97) 
Node    0, rank   98, thread   0, (affinity =   98) 
Node    0, rank   99, thread   0, (affinity =   99) 
Node    0, rank  100, thread   0, (affinity =  100) 
Node    0, rank  101, thread   0, (affinity =  101) 
Node    0, rank  102, thread   0, (affinity =  102) 
Node    0, rank  103, thread   0, (affinity =  103) 
Node    0, rank  104, thread   0, (affinity =  104) 
Node    0, rank  105, thread   0, (affinity =  105) 
Node    0, rank  106, thread   0, (affinity =  106) 
Node    0, rank  107, thread   0, (affinity =  107) 
Node    0, rank  108, thread   0, (affinity =  108) 
Node    0, rank  109, thread   0, (affinity =  109) 
Node    0, rank  110, thread   0, (affinity =  110) 
Node    0, rank  111, thread   0, (affinity =  111) 
Node    0, rank  112, thread   0, (affinity =  112) 
Node    0, rank  113, thread   0, (affinity =  113) 
Node    0, rank  114, thread   0, (affinity =  114) 
Node    0, rank  115, thread   0, (affinity =  115) 
Node    0, rank  116, thread   0, (affinity =  116) 
Node    0, rank  117, thread   0, (affinity =  117) 
Node    0, rank  118, thread   0, (affinity =  118) 
Node    0, rank  119, thread   0, (affinity =  119) 
Node    0, rank  120, thread   0, (affinity =  120) 
Node    0, rank  121, thread   0, (affinity =  121) 
Node    0, rank  122, thread   0, (affinity =  122) 
Node    0, rank  123, thread   0, (affinity =  123) 
Node    0, rank  124, thread   0, (affinity =  124) 
Node    0, rank  125, thread   0, (affinity =  125) 
Node    0, rank  126, thread   0, (affinity =  126) 
Node    0, rank  127, thread   0, (affinity =  127) 
