
Lmod is automatically replacing "cce/15.0.0" with "gcc/11.2.0".


Lmod is automatically replacing "PrgEnv-cray/8.3.3" with "PrgEnv-gnu/8.3.3".


Due to MODULEPATH changes, the following have been reloaded:
  1) cray-mpich/8.1.23

hook 1

|---------------------------------------------|
    TEST CASE: nws13.padcswan

    Prepping case...done!
    Runnning case...
Program received signal SIGSEGV: Segmentation fault - invalid memory reference.

Backtrace for this error:

Program received signal SIGSEGV: Segmentation fault - invalid memory reference.

Backtrace for this error:

Program received signal SIGSEGV: Segmentation fault - invalid memory reference.

Backtrace for this error:

Program received signal SIGSEGV: Segmentation fault - invalid memory reference.

Backtrace for this error:

Program received signal SIGSEGV: Segmentation fault - invalid memory reference.

Backtrace for this error:

Program received signal SIGSEGV: Segmentation fault - invalid memory reference.

Backtrace for this error:

Program received signal SIGSEGV: Segmentation fault - invalid memory reference.

Backtrace for this error:

Program received signal SIGSEGV: Segmentation fault - invalid memory reference.

Backtrace for this error:

Program received signal SIGSEGV: Segmentation fault - invalid memory reference.

Backtrace for this error:

Program received signal SIGSEGV: Segmentation fault - invalid memory reference.

Backtrace for this error:

Program received signal SIGSEGV: Segmentation fault - invalid memory reference.

Backtrace for this error:

Program received signal SIGSEGV: Segmentation fault - invalid memory reference.

Backtrace for this error:

Program received signal SIGSEGV: Segmentation fault - invalid memory reference.

Backtrace for this error:

Program received signal SIGSEGV: Segmentation fault - invalid memory reference.

Backtrace for this error:

Program received signal SIGSEGV: Segmentation fault - invalid memory reference.

Backtrace for this error:

Program received signal SIGSEGV: Segmentation fault - invalid memory reference.

Backtrace for this error:

Program received signal SIGSEGV: Segmentation fault - invalid memory reference.

Backtrace for this error:

Program received signal SIGSEGV: Segmentation fault - invalid memory reference.

Backtrace for this error:

Program received signal SIGSEGV: Segmentation fault - invalid memory reference.

Backtrace for this error:

Program received signal SIGSEGV: Segmentation fault - invalid memory reference.

Backtrace for this error:

Program received signal SIGSEGV: Segmentation fault - invalid memory reference.

Backtrace for this error:

Program received signal SIGSEGV: Segmentation fault - invalid memory reference.

Backtrace for this error:

Program received signal SIGSEGV: Segmentation fault - invalid memory reference.

Backtrace for this error:

Program received signal SIGSEGV: Segmentation fault - invalid memory reference.

Backtrace for this error:

Program received signal SIGSEGV: Segmentation fault - invalid memory reference.

Backtrace for this error:

Program received signal SIGSEGV: Segmentation fault - invalid memory reference.

Backtrace for this error:

Program received signal SIGSEGV: Segmentation fault - invalid memory reference.

Backtrace for this error:

Program received signal SIGSEGV: Segmentation fault - invalid memory reference.

Backtrace for this error:

Program received signal SIGSEGV: Segmentation fault - invalid memory reference.

Backtrace for this error:

Program received signal SIGSEGV: Segmentation fault - invalid memory reference.

Backtrace for this error:

Program received signal SIGSEGV: Segmentation fault - invalid memory reference.

Backtrace for this error:

Program received signal SIGSEGV: Segmentation fault - invalid memory reference.

Backtrace for this error:

Program received signal SIGSEGV: Segmentation fault - invalid memory reference.

Backtrace for this error:

Program received signal SIGSEGV: Segmentation fault - invalid memory reference.

Backtrace for this error:

Program received signal SIGSEGV: Segmentation fault - invalid memory reference.

Backtrace for this error:

Program received signal SIGSEGV: Segmentation fault - invalid memory reference.

Backtrace for this error:

Program received signal SIGSEGV: Segmentation fault - invalid memory reference.

Backtrace for this error:

Program received signal SIGSEGV: Segmentation fault - invalid memory reference.

Backtrace for this error:

Program received signal SIGSEGV: Segmentation fault - invalid memory reference.

Backtrace for this error:

Program received signal SIGSEGV: Segmentation fault - invalid memory reference.

Backtrace for this error:

Program received signal SIGSEGV: Segmentation fault - invalid memory reference.

Backtrace for this error:

Program received signal SIGSEGV: Segmentation fault - invalid memory reference.

Backtrace for this error:

Program received signal SIGSEGV: Segmentation fault - invalid memory reference.

Backtrace for this error:

Program received signal SIGSEGV: Segmentation fault - invalid memory reference.

Backtrace for this error:

Program received signal SIGSEGV: Segmentation fault - invalid memory reference.

Backtrace for this error:

Program received signal SIGSEGV: Segmentation fault - invalid memory reference.

Backtrace for this error:

Program received signal SIGSEGV: Segmentation fault - invalid memory reference.

Backtrace for this error:

Program received signal SIGSEGV: Segmentation fault - invalid memory reference.

Backtrace for this error:

Program received signal SIGSEGV: Segmentation fault - invalid memory reference.

Backtrace for this error:

Program received signal SIGSEGV: Segmentation fault - invalid memory reference.

Backtrace for this error:

Program received signal SIGSEGV: Segmentation fault - invalid memory reference.

Backtrace for this error:

Program received signal SIGSEGV: Segmentation fault - invalid memory reference.

Backtrace for this error:

Program received signal SIGSEGV: Segmentation fault - invalid memory reference.

Backtrace for this error:

Program received signal SIGSEGV: Segmentation fault - invalid memory reference.

Backtrace for this error:

Program received signal SIGSEGV: Segmentation fault - invalid memory reference.

Backtrace for this error:

Program received signal SIGSEGV: Segmentation fault - invalid memory reference.

Backtrace for this error:

Program received signal SIGSEGV: Segmentation fault - invalid memory reference.

Backtrace for this error:

Program received signal SIGSEGV: Segmentation fault - invalid memory reference.

Backtrace for this error:

Program received signal SIGSEGV: Segmentation fault - invalid memory reference.

Backtrace for this error:

Program received signal SIGSEGV: Segmentation fault - invalid memory reference.

Backtrace for this error:

Program received signal SIGSEGV: Segmentation fault - invalid memory reference.

Backtrace for this error:

Program received signal SIGSEGV: Segmentation fault - invalid memory reference.

Backtrace for this error:

Program received signal SIGSEGV: Segmentation fault - invalid memory reference.

Backtrace for this error:

Program received signal SIGSEGV: Segmentation fault - invalid memory reference.

Backtrace for this error:

Program received signal SIGSEGV: Segmentation fault - invalid memory reference.

Backtrace for this error:

Program received signal SIGSEGV: Segmentation fault - invalid memory reference.

Backtrace for this error:

Program received signal SIGSEGV: Segmentation fault - invalid memory reference.

Backtrace for this error:

Program received signal SIGSEGV: Segmentation fault - invalid memory reference.

Backtrace for this error:

Program received signal SIGSEGV: Segmentation fault - invalid memory reference.

Backtrace for this error:

Program received signal SIGSEGV: Segmentation fault - invalid memory reference.

Backtrace for this error:

Program received signal SIGSEGV: Segmentation fault - invalid memory reference.

Backtrace for this error:

Program received signal SIGSEGV: Segmentation fault - invalid memory reference.

Backtrace for this error:

Program received signal SIGSEGV: Segmentation fault - invalid memory reference.

Backtrace for this error:

Program received signal SIGSEGV: Segmentation fault - invalid memory reference.

Backtrace for this error:

Program received signal SIGSEGV: Segmentation fault - invalid memory reference.

Backtrace for this error:

Program received signal SIGSEGV: Segmentation fault - invalid memory reference.

Backtrace for this error:

Program received signal SIGSEGV: Segmentation fault - invalid memory reference.

Backtrace for this error:

Program received signal SIGSEGV: Segmentation fault - invalid memory reference.

Backtrace for this error:

Program received signal SIGSEGV: Segmentation fault - invalid memory reference.

Backtrace for this error:

Program received signal SIGSEGV: Segmentation fault - invalid memory reference.

Backtrace for this error:

Program received signal SIGSEGV: Segmentation fault - invalid memory reference.

Backtrace for this error:

Program received signal SIGSEGV: Segmentation fault - invalid memory reference.

Backtrace for this error:

Program received signal SIGSEGV: Segmentation fault - invalid memory reference.

Backtrace for this error:

Program received signal SIGSEGV: Segmentation fault - invalid memory reference.

Backtrace for this error:

Program received signal SIGSEGV: Segmentation fault - invalid memory reference.

Backtrace for this error:

Program received signal SIGSEGV: Segmentation fault - invalid memory reference.

Backtrace for this error:

Program received signal SIGSEGV: Segmentation fault - invalid memory reference.

Backtrace for this error:

Program received signal SIGSEGV: Segmentation fault - invalid memory reference.

Backtrace for this error:

Program received signal SIGSEGV: Segmentation fault - invalid memory reference.

Backtrace for this error:

Program received signal SIGSEGV: Segmentation fault - invalid memory reference.

Backtrace for this error:

Program received signal SIGSEGV: Segmentation fault - invalid memory reference.

Backtrace for this error:

Program received signal SIGSEGV: Segmentation fault - invalid memory reference.

Backtrace for this error:

Program received signal SIGSEGV: Segmentation fault - invalid memory reference.

Backtrace for this error:

Program received signal SIGSEGV: Segmentation fault - invalid memory reference.

Backtrace for this error:

Program received signal SIGSEGV: Segmentation fault - invalid memory reference.

Backtrace for this error:

Program received signal SIGSEGV: Segmentation fault - invalid memory reference.

Backtrace for this error:

Program received signal SIGSEGV: Segmentation fault - invalid memory reference.

Backtrace for this error:

Program received signal SIGSEGV: Segmentation fault - invalid memory reference.

Backtrace for this error:

Program received signal SIGSEGV: Segmentation fault - invalid memory reference.

Backtrace for this error:

Program received signal SIGSEGV: Segmentation fault - invalid memory reference.

Backtrace for this error:

Program received signal SIGSEGV: Segmentation fault - invalid memory reference.

Backtrace for this error:

Program received signal SIGSEGV: Segmentation fault - invalid memory reference.

Backtrace for this error:

Program received signal SIGSEGV: Segmentation fault - invalid memory reference.

Backtrace for this error:

Program received signal SIGSEGV: Segmentation fault - invalid memory reference.

Backtrace for this error:

Program received signal SIGSEGV: Segmentation fault - invalid memory reference.

Backtrace for this error:

Program received signal SIGSEGV: Segmentation fault - invalid memory reference.

Backtrace for this error:

Program received signal SIGSEGV: Segmentation fault - invalid memory reference.

Backtrace for this error:

Program received signal SIGSEGV: Segmentation fault - invalid memory reference.

Backtrace for this error:

Program received signal SIGSEGV: Segmentation fault - invalid memory reference.

Backtrace for this error:

Program received signal SIGSEGV: Segmentation fault - invalid memory reference.

Backtrace for this error:

Program received signal SIGSEGV: Segmentation fault - invalid memory reference.

Backtrace for this error:

Program received signal SIGSEGV: Segmentation fault - invalid memory reference.

Backtrace for this error:

Program received signal SIGSEGV: Segmentation fault - invalid memory reference.

Backtrace for this error:

Program received signal SIGSEGV: Segmentation fault - invalid memory reference.

Backtrace for this error:

Program received signal SIGSEGV: Segmentation fault - invalid memory reference.

Backtrace for this error:

Program received signal SIGSEGV: Segmentation fault - invalid memory reference.

Backtrace for this error:

Program received signal SIGSEGV: Segmentation fault - invalid memory reference.

Backtrace for this error:

Program received signal SIGSEGV: Segmentation fault - invalid memory reference.

Backtrace for this error:

Program received signal SIGSEGV: Segmentation fault - invalid memory reference.

Backtrace for this error:

Program received signal SIGSEGV: Segmentation fault - invalid memory reference.

Backtrace for this error:

Program received signal SIGSEGV: Segmentation fault - invalid memory reference.

Backtrace for this error:

Program received signal SIGSEGV: Segmentation fault - invalid memory reference.

Backtrace for this error:

Program received signal SIGSEGV: Segmentation fault - invalid memory reference.

Backtrace for this error:

Program received signal SIGSEGV: Segmentation fault - invalid memory reference.

Backtrace for this error:

Program received signal SIGSEGV: Segmentation fault - invalid memory reference.

Backtrace for this error:

Program received signal SIGSEGV: Segmentation fault - invalid memory reference.

Backtrace for this error:

Program received signal SIGSEGV: Segmentation fault - invalid memory reference.

Backtrace for this error:

Program received signal SIGSEGV: Segmentation fault - invalid memory reference.

Backtrace for this error:
#0  0x149e5ee12d4f in ???
#1  0x149e5ef48dd8 in ???
#0  0x1532ba747d4f in ???
#1  0x1532ba87ddd8 in ???
#2  0x4cd502 in ???
#3  0x4dd588 in ???
#4  0x448007 in ???
#5  0x44aaaa in ???
#6  0x445157 in ???
#7  0x1532ba73229c in ???
#8  0x4451b9 in ???
	at ../sysdeps/x86_64/start.S:120
#0  0x1502fba37d4f in ???
#1  0x1502fbb6ddd8 in ???
#2  0x4cd502 in ???
#3  0x4dd588 in ???
#4  0x448007 in ???
#5  0x44aaaa in ???
#6  0x445157 in ???
#7  0x1502fba2229c in ???
#8  0x4451b9 in ???
	at ../sysdeps/x86_64/start.S:120
#0  0x1456562edd4f in ???
#1  0x145656423dd8 in ???
#2  0x4cd502 in ???
#3  0x4dd588 in ???
#4  0x448007 in ???
#5  0x44aaaa in ???
#6  0x445157 in ???
#7  0x1456562d829c in ???
#8  0x4451b9 in ???
	at ../sysdeps/x86_64/start.S:120
#0  0x14da7d4b8d4f in ???
#1  0x14da7d5eedd8 in ???
#2  0x4cd502 in ???
#3  0x4dd588 in ???
#4  0x448007 in ???
#5  0x44aaaa in ???
#6  0x445157 in ???
#7  0x14da7d4a329c in ???
#8  0x4451b9 in ???
	at ../sysdeps/x86_64/start.S:120
#0  0x1504ab48ed4f in ???
#1  0x1504ab5c4dd8 in ???
#2  0x4cd502 in ???
#3  0x4dd588 in ???
#4  0x448007 in ???
#5  0x44aaaa in ???
#6  0x445157 in ???
#7  0x1504ab47929c in ???
#8  0x4451b9 in ???
	at ../sysdeps/x86_64/start.S:120
#0  0x154de0588d4f in ???
#1  0x154de06bedd8 in ???
#2  0x4cd502 in ???
#3  0x4dd588 in ???
#4  0x448007 in ???
#5  0x44aaaa in ???
#6  0x445157 in ???
#7  0x154de057329c in ???
#8  0x4451b9 in ???
	at ../sysdeps/x86_64/start.S:120
#0  0x147fc080dd4f in ???
#1  0x147fc0943dd8 in ???
#2  0x4cd502 in ???
#3  0x4dd588 in ???
#4  0x448007 in ???
#5  0x44aaaa in ???
#6  0x445157 in ???
#7  0x147fc07f829c in ???
#8  0x4451b9 in ???
	at ../sysdeps/x86_64/start.S:120
#0  0x14d17635dd4f in ???
#1  0x14d176493dd8 in ???
#2  0x4cd502 in ???
#3  0x4dd588 in ???
#4  0x448007 in ???
#5  0x44aaaa in ???
#6  0x445157 in ???
#7  0x14d17634829c in ???
#8  0x4451b9 in ???
	at ../sysdeps/x86_64/start.S:120
#0  0x153ac3417d4f in ???
#1  0x153ac354ddd8 in ???
#2  0x4cd502 in ???
#3  0x4dd588 in ???
#4  0x448007 in ???
#5  0x44aaaa in ???
#6  0x445157 in ???
#7  0x153ac340229c in ???
#8  0x4451b9 in ???
	at ../sysdeps/x86_64/start.S:120
#0  0x14640ba46d4f in ???
#1  0x14640bb7cdd8 in ???
#2  0x4cd502 in ???
#3  0x4dd588 in ???
#4  0x448007 in ???
#5  0x44aaaa in ???
#6  0x445157 in ???
#7  0x14640ba3129c in ???
#8  0x4451b9 in ???
	at ../sysdeps/x86_64/start.S:120
#0  0x1507aa8b7d4f in ???
#1  0x1507aa9eddd8 in ???
#2  0x4cd502 in ???
#3  0x4dd588 in ???
#4  0x448007 in ???
#5  0x44aaaa in ???
#6  0x445157 in ???
#7  0x1507aa8a229c in ???
#8  0x4451b9 in ???
	at ../sysdeps/x86_64/start.S:120
#0  0x148cc7da6d4f in ???
#1  0x148cc7edcdd8 in ???
#2  0x4cd502 in ???
#3  0x4dd588 in ???
#4  0x448007 in ???
#5  0x44aaaa in ???
#6  0x445157 in ???
#7  0x148cc7d9129c in ???
#8  0x4451b9 in ???
	at ../sysdeps/x86_64/start.S:120
#0  0x155434e52d4f in ???
#1  0x155434f88dd8 in ???
#2  0x4cd502 in ???
#3  0x4dd588 in ???
#4  0x448007 in ???
#5  0x44aaaa in ???
#6  0x445157 in ???
#7  0x155434e3d29c in ???
#8  0x4451b9 in ???
	at ../sysdeps/x86_64/start.S:120
#0  0x150ef66b5d4f in ???
#1  0x150ef67ebdd8 in ???
#2  0x4cd502 in ???
#3  0x4dd588 in ???
#4  0x448007 in ???
#5  0x44aaaa in ???
#6  0x445157 in ???
#7  0x150ef66a029c in ???
#8  0x4451b9 in ???
	at ../sysdeps/x86_64/start.S:120
#2  0x4cd502 in ???
#3  0x4dd588 in ???
#4  0x448007 in ???
#5  0x44aaaa in ???
#6  0x445157 in ???
#7  0x149e5edfd29c in ???
#8  0x4451b9 in ???
	at ../sysdeps/x86_64/start.S:120
#0  0x150210e82d4f in ???
#1  0x150210fb8dd8 in ???
#2  0x4cd502 in ???
#3  0x4dd588 in ???
#4  0x448007 in ???
#5  0x44aaaa in ???
#6  0x445157 in ???
#7  0x150210e6d29c in ???
#8  0x4451b9 in ???
	at ../sysdeps/x86_64/start.S:120
#0  0x14f90ecabd4f in ???
#1  0x14f90ede1dd8 in ???
#2  0x4cd502 in ???
#3  0x4dd588 in ???
#4  0x448007 in ???
#5  0x44aaaa in ???
#6  0x445157 in ???
#7  0x14f90ec9629c in ???
#8  0x4451b9 in ???
	at ../sysdeps/x86_64/start.S:120
#0  0x145f676aed4f in ???
#1  0x145f677e4dd8 in ???
#2  0x4cd502 in ???
#3  0x4dd588 in ???
#4  0x448007 in ???
#5  0x44aaaa in ???
#6  0x445157 in ???
#7  0x145f6769929c in ???
#8  0x4451b9 in ???
	at ../sysdeps/x86_64/start.S:120
#0  0x1510a2e7ad4f in ???
#1  0x1510a2fb0dd8 in ???
#2  0x4cd502 in ???
#3  0x4dd588 in ???
#4  0x448007 in ???
#5  0x44aaaa in ???
#6  0x445157 in ???
#7  0x1510a2e6529c in ???
#8  0x4451b9 in ???
	at ../sysdeps/x86_64/start.S:120
#0  0x146e9fb04d4f in ???
#1  0x146e9fc3add8 in ???
#2  0x4cd502 in ???
#3  0x4dd588 in ???
#4  0x448007 in ???
#5  0x44aaaa in ???
#6  0x445157 in ???
#7  0x146e9faef29c in ???
#8  0x4451b9 in ???
	at ../sysdeps/x86_64/start.S:120
#0  0x14b2ea691d4f in ???
#1  0x14b2ea7c7dd8 in ???
#2  0x4cd502 in ???
#3  0x4dd588 in ???
#4  0x448007 in ???
#5  0x44aaaa in ???
#6  0x445157 in ???
#7  0x14b2ea67c29c in ???
#8  0x4451b9 in ???
	at ../sysdeps/x86_64/start.S:120
#0  0x14e156459d4f in ???
#1  0x14e15658fdd8 in ???
#2  0x4cd502 in ???
#3  0x4dd588 in ???
#4  0x448007 in ???
#5  0x44aaaa in ???
#6  0x445157 in ???
#7  0x14e15644429c in ???
#0  0x1522a45ced4f in ???
#1  0x1522a4704dd8 in ???
#8  0x4451b9 in ???
	at ../sysdeps/x86_64/start.S:120
#0  0x145c9e0a5d4f in ???
#1  0x145c9e1dbdd8 in ???
#2  0x4cd502 in ???
#3  0x4dd588 in ???
#4  0x448007 in ???
#5  0x44aaaa in ???
#6  0x445157 in ???
#7  0x145c9e09029c in ???
#8  0x4451b9 in ???
	at ../sysdeps/x86_64/start.S:120
#2  0x4cd502 in ???
#3  0x4dd588 in ???
#4  0x448007 in ???
#5  0x44aaaa in ???
#6  0x445157 in ???
#7  0x1522a45b929c in ???
#8  0x4451b9 in ???
	at ../sysdeps/x86_64/start.S:120
#0  0x1499afbc9d4f in ???
#1  0x1499afcffdd8 in ???
#2  0x4cd502 in ???
#3  0x4dd588 in ???
#4  0x448007 in ???
#5  0x44aaaa in ???
#6  0x445157 in ???
#7  0x1499afbb429c in ???
#8  0x4451b9 in ???
	at ../sysdeps/x86_64/start.S:120
#0  0x146a32121d4f in ???
#1  0x146a32257dd8 in ???
#2  0x4cd502 in ???
#3  0x4dd588 in ???
#4  0x448007 in ???
#5  0x44aaaa in ???
#0  0x146f8fab2d4f in ???
#1  0x146f8fbe8dd8 in ???
#2  0x4cd502 in ???
#3  0x4dd588 in ???
#4  0x448007 in ???
#5  0x44aaaa in ???
#6  0x445157 in ???
#7  0x146f8fa9d29c in ???
#8  0x4451b9 in ???
	at ../sysdeps/x86_64/start.S:120
#0  0x15224310ed4f in ???
#1  0x152243244dd8 in ???
#2  0x4cd502 in ???
#3  0x4dd588 in ???
#4  0x448007 in ???
#5  0x44aaaa in ???
#6  0x445157 in ???
#0  0x147978510d4f in ???
#1  0x147978646dd8 in ???
#2  0x4cd502 in ???
#3  0x4dd588 in ???
#4  0x448007 in ???
#5  0x44aaaa in ???
#6  0x445157 in ???
#7  0x1479784fb29c in ???
#8  0x4451b9 in ???
	at ../sysdeps/x86_64/start.S:120
#0  0x14c11a428d4f in ???
#1  0x14c11a55edd8 in ???
#2  0x4cd502 in ???
#3  0x4dd588 in ???
#4  0x448007 in ???
#5  0x44aaaa in ???
#6  0x445157 in ???
#7  0x14c11a41329c in ???
#8  0x4451b9 in ???
	at ../sysdeps/x86_64/start.S:120
#0  0x149bef3cbd4f in ???
#1  0x149bef501dd8 in ???
#2  0x4cd502 in ???
#3  0x4dd588 in ???
#4  0x448007 in ???
#5  0x44aaaa in ???
#6  0x445157 in ???
#7  0x149bef3b629c in ???
#8  0x4451b9 in ???
	at ../sysdeps/x86_64/start.S:120
#6  0x445157 in ???
#7  0x146a3210c29c in ???
#8  0x4451b9 in ???
	at ../sysdeps/x86_64/start.S:120
#7  0x1522430f929c in ???
#8  0x4451b9 in ???
	at ../sysdeps/x86_64/start.S:120
#0  0x14f2d72aad4f in ???
#1  0x14f2d73e0dd8 in ???
#0  0x1501b88c4d4f in ???
#1  0x1501b89fadd8 in ???
#2  0x4cd502 in ???
#3  0x4dd588 in ???
#4  0x448007 in ???
#5  0x44aaaa in ???
#6  0x445157 in ???
#7  0x1501b88af29c in ???
#8  0x4451b9 in ???
	at ../sysdeps/x86_64/start.S:120
#0  0x14c2ac483d4f in ???
#1  0x14c2ac5b9dd8 in ???
#2  0x4cd502 in ???
#3  0x4dd588 in ???
#4  0x448007 in ???
#5  0x44aaaa in ???
#6  0x445157 in ???
#7  0x14c2ac46e29c in ???
#8  0x4451b9 in ???
	at ../sysdeps/x86_64/start.S:120
#2  0x4cd502 in ???
#3  0x4dd588 in ???
#4  0x448007 in ???
#5  0x44aaaa in ???
#6  0x445157 in ???
#7  0x14f2d729529c in ???
#8  0x4451b9 in ???
	at ../sysdeps/x86_64/start.S:120
#0  0x148d7372ad4f in ???
#1  0x148d73860dd8 in ???
#2  0x4cd502 in ???
#3  0x4dd588 in ???
#4  0x448007 in ???
#5  0x44aaaa in ???
#6  0x445157 in ???
#7  0x148d7371529c in ???
#8  0x4451b9 in ???
	at ../sysdeps/x86_64/start.S:120
#0  0x14fb96998d4f in ???
#1  0x14fb96acedd8 in ???
#2  0x4cd502 in ???
#3  0x4dd588 in ???
#4  0x448007 in ???
#5  0x44aaaa in ???
#6  0x445157 in ???
#7  0x14fb9698329c in ???
#8  0x4451b9 in ???
	at ../sysdeps/x86_64/start.S:120
#0  0x14f396924d4f in ???
#1  0x14f396a5add8 in ???
#2  0x4cd502 in ???
#3  0x4dd588 in ???
#4  0x448007 in ???
#5  0x44aaaa in ???
#6  0x445157 in ???
#7  0x14f39690f29c in ???
#8  0x4451b9 in ???
	at ../sysdeps/x86_64/start.S:120
#0  0x14d2a15c6d4f in ???
#1  0x14d2a16fcdd8 in ???
#2  0x4cd502 in ???
#3  0x4dd588 in ???
#4  0x448007 in ???
#5  0x44aaaa in ???
#6  0x445157 in ???
#7  0x14d2a15b129c in ???
#8  0x4451b9 in ???
	at ../sysdeps/x86_64/start.S:120
#0  0x154deaa3dd4f in ???
#1  0x154deab73dd8 in ???
#0  0x145fdea9dd4f in ???
#1  0x145fdebd3dd8 in ???
#2  0x4cd502 in ???
#3  0x4dd588 in ???
#4  0x448007 in ???
#5  0x44aaaa in ???
#6  0x445157 in ???
#7  0x145fdea8829c in ???
#8  0x4451b9 in ???
	at ../sysdeps/x86_64/start.S:120
#0  0x14b211b03d4f in ???
#1  0x14b211c39dd8 in ???
#2  0x4cd502 in ???
#3  0x4dd588 in ???
#4  0x448007 in ???
#5  0x44aaaa in ???
#2  0x4cd502 in ???
#3  0x4dd588 in ???
#4  0x448007 in ???
#5  0x44aaaa in ???
#6  0x445157 in ???
#7  0x154deaa2829c in ???
#8  0x4451b9 in ???
	at ../sysdeps/x86_64/start.S:120
#0  0x1459e335cd4f in ???
#1  0x1459e3492dd8 in ???
#2  0x4cd502 in ???
#0  0x14e94b082d4f in ???
#1  0x14e94b1b8dd8 in ???
#2  0x4cd502 in ???
#3  0x4dd588 in ???
#4  0x448007 in ???
#5  0x44aaaa in ???
#6  0x445157 in ???
#7  0x14e94b06d29c in ???
#8  0x4451b9 in ???
	at ../sysdeps/x86_64/start.S:120
#0  0x1536ed722d4f in ???
#1  0x1536ed858dd8 in ???
#2  0x4cd502 in ???
#3  0x4dd588 in ???
#4  0x448007 in ???
#5  0x44aaaa in ???
#6  0x445157 in ???
#7  0x1536ed70d29c in ???
#8  0x4451b9 in ???
	at ../sysdeps/x86_64/start.S:120
#3  0x4dd588 in ???
#4  0x448007 in ???
#5  0x44aaaa in ???
#6  0x445157 in ???
#7  0x1459e334729c in ???
#8  0x4451b9 in ???
	at ../sysdeps/x86_64/start.S:120
#6  0x445157 in ???
#7  0x14b211aee29c in ???
#8  0x4451b9 in ???
	at ../sysdeps/x86_64/start.S:120
#0  0x154cf9f9dd4f in ???
#1  0x154cfa0d3dd8 in ???
#2  0x4cd502 in ???
#3  0x4dd588 in ???
#4  0x448007 in ???
#5  0x44aaaa in ???
#6  0x445157 in ???
#7  0x154cf9f8829c in ???
#8  0x4451b9 in ???
	at ../sysdeps/x86_64/start.S:120
#0  0x148f4dd15d4f in ???
#1  0x148f4de4bdd8 in ???
#2  0x4cd502 in ???
#3  0x4dd588 in ???
#4  0x448007 in ???
#5  0x44aaaa in ???
#6  0x445157 in ???
#7  0x148f4dd0029c in ???
#8  0x4451b9 in ???
	at ../sysdeps/x86_64/start.S:120
#0  0x14b36a74ad4f in ???
#1  0x14b36a880dd8 in ???
#2  0x4cd502 in ???
#3  0x4dd588 in ???
#4  0x448007 in ???
#5  0x44aaaa in ???
#6  0x445157 in ???
#7  0x14b36a73529c in ???
#8  0x4451b9 in ???
#0  0x1492fd988d4f in ???
#1  0x1492fdabedd8 in ???
#2  0x4cd502 in ???
#3  0x4dd588 in ???
#4  0x448007 in ???
#5  0x44aaaa in ???
#6  0x445157 in ???
#7  0x1492fd97329c in ???
#8  0x4451b9 in ???
	at ../sysdeps/x86_64/start.S:120
#0  0x14edd44fdd4f in ???
#1  0x14edd4633dd8 in ???
#2  0x4cd502 in ???
#3  0x4dd588 in ???
#4  0x448007 in ???
#5  0x44aaaa in ???
#6  0x445157 in ???
#7  0x14edd44e829c in ???
#8  0x4451b9 in ???
	at ../sysdeps/x86_64/start.S:120
	at ../sysdeps/x86_64/start.S:120
#0  0x14579cf1ed4f in ???
#1  0x14579d054dd8 in ???
#2  0x4cd502 in ???
#3  0x4dd588 in ???
#4  0x448007 in ???
#5  0x44aaaa in ???
#6  0x445157 in ???
#7  0x14579cf0929c in ???
#8  0x4451b9 in ???
	at ../sysdeps/x86_64/start.S:120
#0  0x14efc3371d4f in ???
#1  0x14efc34a7dd8 in ???
#2  0x4cd502 in ???
#3  0x4dd588 in ???
#4  0x448007 in ???
#5  0x44aaaa in ???
#6  0x445157 in ???
#7  0x14efc335c29c in ???
#8  0x4451b9 in ???
	at ../sysdeps/x86_64/start.S:120
#0  0x14a2a7acfd4f in ???
#1  0x14a2a7c05dd8 in ???
#2  0x4cd502 in ???
#3  0x4dd588 in ???
#4  0x448007 in ???
#5  0x44aaaa in ???
#6  0x445157 in ???
#7  0x14a2a7aba29c in ???
#0  0x14d1e96a9d4f in ???
#1  0x14d1e97dfdd8 in ???
#2  0x4cd502 in ???
#3  0x4dd588 in ???
#4  0x448007 in ???
#5  0x44aaaa in ???
#6  0x445157 in ???
#7  0x14d1e969429c in ???
#8  0x4451b9 in ???
	at ../sysdeps/x86_64/start.S:120
#8  0x4451b9 in ???
	at ../sysdeps/x86_64/start.S:120
#0  0x148791991d4f in ???
#1  0x148791ac7dd8 in ???
#2  0x4cd502 in ???
#3  0x4dd588 in ???
#4  0x448007 in ???
#5  0x44aaaa in ???
#6  0x445157 in ???
#7  0x14879197c29c in ???
#8  0x4451b9 in ???
	at ../sysdeps/x86_64/start.S:120
#0  0x1528616f3d4f in ???
#1  0x152861829dd8 in ???
#2  0x4cd502 in ???
#3  0x4dd588 in ???
#4  0x448007 in ???
#5  0x44aaaa in ???
#6  0x445157 in ???
#7  0x1528616de29c in ???
#8  0x4451b9 in ???
	at ../sysdeps/x86_64/start.S:120
#0  0x14bd74415d4f in ???
#1  0x14bd7454bdd8 in ???
#2  0x4cd502 in ???
#3  0x4dd588 in ???
#4  0x448007 in ???
#5  0x44aaaa in ???
#6  0x445157 in ???
#7  0x14bd7440029c in ???
#8  0x4451b9 in ???
	at ../sysdeps/x86_64/start.S:120
#0  0x14e26921ed4f in ???
#1  0x14e269354dd8 in ???
#2  0x4cd502 in ???
#3  0x4dd588 in ???
#4  0x448007 in ???
#5  0x44aaaa in ???
#6  0x445157 in ???
#7  0x14e26920929c in ???
#8  0x4451b9 in ???
	at ../sysdeps/x86_64/start.S:120
#0  0x151fdd083d4f in ???
#1  0x151fdd1b9dd8 in ???
#0  0x145b85e48d4f in ???
#1  0x145b85f7edd8 in ???
#2  0x4cd502 in ???
#3  0x4dd588 in ???
#4  0x448007 in ???
#5  0x44aaaa in ???
#6  0x445157 in ???
#7  0x145b85e3329c in ???
#2  0x4cd502 in ???
#3  0x4dd588 in ???
#4  0x448007 in ???
#5  0x44aaaa in ???
#6  0x445157 in ???
#7  0x151fdd06e29c in ???
#8  0x4451b9 in ???
	at ../sysdeps/x86_64/start.S:120
#8  0x4451b9 in ???
	at ../sysdeps/x86_64/start.S:120
#0  0x147df39d6d4f in ???
#1  0x147df3b0cdd8 in ???
#2  0x4cd502 in ???
#3  0x4dd588 in ???
#4  0x448007 in ???
#5  0x44aaaa in ???
#6  0x445157 in ???
#7  0x147df39c129c in ???
#8  0x4451b9 in ???
	at ../sysdeps/x86_64/start.S:120
#0  0x14bd3f591d4f in ???
#1  0x14bd3f6c7dd8 in ???
#2  0x4cd502 in ???
#3  0x4dd588 in ???
#4  0x448007 in ???
#5  0x44aaaa in ???
#6  0x445157 in ???
#7  0x14bd3f57c29c in ???
#8  0x4451b9 in ???
	at ../sysdeps/x86_64/start.S:120
#0  0x152033a68d4f in ???
#1  0x152033b9edd8 in ???
#2  0x4cd502 in ???
#3  0x4dd588 in ???
#4  0x448007 in ???
#5  0x44aaaa in ???
#6  0x445157 in ???
#7  0x152033a5329c in ???
#8  0x4451b9 in ???
	at ../sysdeps/x86_64/start.S:120
#0  0x14fe19a6ed4f in ???
#1  0x14fe19ba4dd8 in ???
#2  0x4cd502 in ???
#3  0x4dd588 in ???
#4  0x448007 in ???
#5  0x44aaaa in ???
#6  0x445157 in ???
#7  0x14fe19a5929c in ???
#8  0x4451b9 in ???
	at ../sysdeps/x86_64/start.S:120
#0  0x14b8d8f09d4f in ???
#1  0x14b8d903fdd8 in ???
#2  0x4cd502 in ???
#3  0x4dd588 in ???
#4  0x448007 in ???
#5  0x44aaaa in ???
#6  0x445157 in ???
#7  0x14b8d8ef429c in ???
#8  0x4451b9 in ???
	at ../sysdeps/x86_64/start.S:120
#0  0x14e8755a4d4f in ???
#1  0x14e8756dadd8 in ???
#2  0x4cd502 in ???
#3  0x4dd588 in ???
#4  0x448007 in ???
#0  0x1543dee7bd4f in ???
#1  0x1543defb1dd8 in ???
#2  0x4cd502 in ???
#3  0x4dd588 in ???
#4  0x448007 in ???
#5  0x44aaaa in ???
#6  0x445157 in ???
#7  0x1543dee6629c in ???
#8  0x4451b9 in ???
	at ../sysdeps/x86_64/start.S:120
#5  0x44aaaa in ???
#6  0x445157 in ???
#7  0x14e87558f29c in ???
#8  0x4451b9 in ???
	at ../sysdeps/x86_64/start.S:120
#0  0x146d527c0d4f in ???
#1  0x146d528f6dd8 in ???
#2  0x4cd502 in ???
#3  0x4dd588 in ???
#4  0x448007 in ???
#5  0x44aaaa in ???
#6  0x445157 in ???
#7  0x146d527ab29c in ???
#8  0x4451b9 in ???
	at ../sysdeps/x86_64/start.S:120
#0  0x14db45ec3d4f in ???
#1  0x14db45ff9dd8 in ???
#2  0x4cd502 in ???
#3  0x4dd588 in ???
#4  0x448007 in ???
#5  0x44aaaa in ???
#6  0x445157 in ???
#7  0x14db45eae29c in ???
#8  0x4451b9 in ???
	at ../sysdeps/x86_64/start.S:120
#0  0x14dfe5720d4f in ???
#1  0x14dfe5856dd8 in ???
#2  0x4cd502 in ???
#3  0x4dd588 in ???
#4  0x448007 in ???
#5  0x44aaaa in ???
#6  0x445157 in ???
#7  0x14dfe570b29c in ???
#8  0x4451b9 in ???
	at ../sysdeps/x86_64/start.S:120
#0  0x1472255d5d4f in ???
#1  0x14722570bdd8 in ???
#2  0x4cd502 in ???
#3  0x4dd588 in ???
#4  0x448007 in ???
#5  0x44aaaa in ???
#6  0x445157 in ???
#7  0x1472255c029c in ???
#8  0x4451b9 in ???
	at ../sysdeps/x86_64/start.S:120
#0  0x14af7d501d4f in ???
#1  0x14af7d637dd8 in ???
#2  0x4cd502 in ???
#3  0x4dd588 in ???
#4  0x448007 in ???
#5  0x44aaaa in ???
#0  0x154ae715ad4f in ???
#1  0x154ae7290dd8 in ???
#2  0x4cd502 in ???
#3  0x4dd588 in ???
#4  0x448007 in ???
#5  0x44aaaa in ???
#6  0x445157 in ???
#7  0x154ae714529c in ???
#8  0x4451b9 in ???
	at ../sysdeps/x86_64/start.S:120
#0  0x145f2ccecd4f in ???
#1  0x145f2ce22dd8 in ???
#2  0x4cd502 in ???
#3  0x4dd588 in ???
#4  0x448007 in ???
#5  0x44aaaa in ???
#6  0x445157 in ???
#7  0x145f2ccd729c in ???
#8  0x4451b9 in ???
	at ../sysdeps/x86_64/start.S:120
#0  0x14b7e9e94d4f in ???
#1  0x14b7e9fcadd8 in ???
#2  0x4cd502 in ???
#3  0x4dd588 in ???
#4  0x448007 in ???
#5  0x44aaaa in ???
#6  0x445157 in ???
#7  0x14b7e9e7f29c in ???
#8  0x4451b9 in ???
	at ../sysdeps/x86_64/start.S:120
#6  0x445157 in ???
#7  0x14af7d4ec29c in ???
#8  0x4451b9 in ???
	at ../sysdeps/x86_64/start.S:120
#0  0x14e8c69b3d4f in ???
#1  0x14e8c6ae9dd8 in ???
#2  0x4cd502 in ???
#3  0x4dd588 in ???
#4  0x448007 in ???
#5  0x44aaaa in ???
#6  0x445157 in ???
#7  0x14e8c699e29c in ???
#8  0x4451b9 in ???
	at ../sysdeps/x86_64/start.S:120
#0  0x152115591d4f in ???
#1  0x1521156c7dd8 in ???
#2  0x4cd502 in ???
#3  0x4dd588 in ???
#4  0x448007 in ???
#5  0x44aaaa in ???
#6  0x445157 in ???
#7  0x15211557c29c in ???
#8  0x4451b9 in ???
	at ../sysdeps/x86_64/start.S:120
#0  0x15336d922d4f in ???
#1  0x15336da58dd8 in ???
#2  0x4cd502 in ???
#3  0x4dd588 in ???
#4  0x448007 in ???
#5  0x44aaaa in ???
#6  0x445157 in ???
#7  0x15336d90d29c in ???
#8  0x4451b9 in ???
	at ../sysdeps/x86_64/start.S:120
#0  0x148780ad0d4f in ???
#1  0x148780c06dd8 in ???
#2  0x4cd502 in ???
#3  0x4dd588 in ???
#4  0x448007 in ???
#5  0x44aaaa in ???
#6  0x445157 in ???
#7  0x148780abb29c in ???
#8  0x4451b9 in ???
	at ../sysdeps/x86_64/start.S:120
#0  0x152a11fe6d4f in ???
#1  0x152a1211cdd8 in ???
#2  0x4cd502 in ???
#3  0x4dd588 in ???
#4  0x448007 in ???
#5  0x44aaaa in ???
#6  0x445157 in ???
#7  0x152a11fd129c in ???
#8  0x4451b9 in ???
	at ../sysdeps/x86_64/start.S:120
#0  0x14fa5c8ead4f in ???
#1  0x14fa5ca20dd8 in ???
#2  0x4cd502 in ???
#3  0x4dd588 in ???
#4  0x448007 in ???
#5  0x44aaaa in ???
#6  0x445157 in ???
#7  0x14fa5c8d529c in ???
#8  0x4451b9 in ???
	at ../sysdeps/x86_64/start.S:120
#0  0x14f5ae7d5d4f in ???
#1  0x14f5ae90bdd8 in ???
#2  0x4cd502 in ???
#3  0x4dd588 in ???
#4  0x448007 in ???
#5  0x44aaaa in ???
#6  0x445157 in ???
#7  0x14f5ae7c029c in ???
#8  0x4451b9 in ???
	at ../sysdeps/x86_64/start.S:120
#0  0x1506d820bd4f in ???
#1  0x1506d8341dd8 in ???
#2  0x4cd502 in ???
#3  0x4dd588 in ???
#4  0x448007 in ???
#5  0x44aaaa in ???
#6  0x445157 in ???
#7  0x1506d81f629c in ???
#8  0x4451b9 in ???
	at ../sysdeps/x86_64/start.S:120
#0  0x147eea9d8d4f in ???
#1  0x147eeab0edd8 in ???
#2  0x4cd502 in ???
#3  0x4dd588 in ???
#4  0x448007 in ???
#5  0x44aaaa in ???
#6  0x445157 in ???
#7  0x147eea9c329c in ???
#8  0x4451b9 in ???
	at ../sysdeps/x86_64/start.S:120
#0  0x14d6e309cd4f in ???
#1  0x14d6e31d2dd8 in ???
#2  0x4cd502 in ???
#3  0x4dd588 in ???
#4  0x448007 in ???
#5  0x44aaaa in ???
#6  0x445157 in ???
#7  0x14d6e308729c in ???
#8  0x4451b9 in ???
	at ../sysdeps/x86_64/start.S:120
#0  0x1483eabaed4f in ???
#1  0x1483eace4dd8 in ???
#2  0x4cd502 in ???
#3  0x4dd588 in ???
#4  0x448007 in ???
#5  0x44aaaa in ???
#6  0x445157 in ???
#7  0x1483eab9929c in ???
#8  0x4451b9 in ???
	at ../sysdeps/x86_64/start.S:120
#0  0x14a01391ed4f in ???
#1  0x14a013a54dd8 in ???
#2  0x4cd502 in ???
#3  0x4dd588 in ???
#4  0x448007 in ???
#5  0x44aaaa in ???
#6  0x445157 in ???
#7  0x14a01390929c in ???
#8  0x4451b9 in ???
	at ../sysdeps/x86_64/start.S:120
#0  0x14a6dfa1ad4f in ???
#1  0x14a6dfb50dd8 in ???
#2  0x4cd502 in ???
#3  0x4dd588 in ???
#4  0x448007 in ???
#5  0x44aaaa in ???
#6  0x445157 in ???
#7  0x14a6dfa0529c in ???
#8  0x4451b9 in ???
	at ../sysdeps/x86_64/start.S:120
#0  0x15294c32ad4f in ???
#1  0x15294c460dd8 in ???
#2  0x4cd502 in ???
#3  0x4dd588 in ???
#4  0x448007 in ???
#5  0x44aaaa in ???
#6  0x445157 in ???
#7  0x15294c31529c in ???
#8  0x4451b9 in ???
	at ../sysdeps/x86_64/start.S:120
#0  0x14de0e380d4f in ???
#1  0x14de0e4b6dd8 in ???
#2  0x4cd502 in ???
#3  0x4dd588 in ???
#4  0x448007 in ???
#5  0x44aaaa in ???
#6  0x445157 in ???
#0  0x14cfbfa14d4f in ???
#1  0x14cfbfb4add8 in ???
#2  0x4cd502 in ???
#3  0x4dd588 in ???
#4  0x448007 in ???
#5  0x44aaaa in ???
#6  0x445157 in ???
#7  0x14cfbf9ff29c in ???
#8  0x4451b9 in ???
	at ../sysdeps/x86_64/start.S:120
#0  0x147f49026d4f in ???
#1  0x147f4915cdd8 in ???
#2  0x4cd502 in ???
#3  0x4dd588 in ???
#4  0x448007 in ???
#5  0x44aaaa in ???
#6  0x445157 in ???
#7  0x147f4901129c in ???
#8  0x4451b9 in ???
	at ../sysdeps/x86_64/start.S:120
#7  0x14de0e36b29c in ???
#8  0x4451b9 in ???
	at ../sysdeps/x86_64/start.S:120
#0  0x1461a3458d4f in ???
#1  0x1461a358edd8 in ???
#2  0x4cd502 in ???
#3  0x4dd588 in ???
#4  0x448007 in ???
#5  0x44aaaa in ???
#6  0x445157 in ???
#7  0x1461a344329c in ???
#8  0x4451b9 in ???
	at ../sysdeps/x86_64/start.S:120
#0  0x14940ddead4f in ???
#1  0x14940df20dd8 in ???
#0  0x14f0a3accd4f in ???
#1  0x14f0a3c02dd8 in ???
#2  0x4cd502 in ???
#3  0x4dd588 in ???
#4  0x448007 in ???
#0  0x1455ed5fdd4f in ???
#1  0x1455ed733dd8 in ???
#2  0x4cd502 in ???
#3  0x4dd588 in ???
#4  0x448007 in ???
#5  0x44aaaa in ???
#6  0x445157 in ???
#7  0x1455ed5e829c in ???
#8  0x4451b9 in ???
	at ../sysdeps/x86_64/start.S:120
#2  0x4cd502 in ???
#3  0x4dd588 in ???
#4  0x448007 in ???
#5  0x44aaaa in ???
#6  0x445157 in ???
#7  0x14940ddd529c in ???
#8  0x4451b9 in ???
	at ../sysdeps/x86_64/start.S:120
#0  0x14f58dbfbd4f in ???
#1  0x14f58dd31dd8 in ???
#2  0x4cd502 in ???
#3  0x4dd588 in ???
#4  0x448007 in ???
#5  0x44aaaa in ???
#6  0x445157 in ???
#7  0x14f58dbe629c in ???
#8  0x4451b9 in ???
	at ../sysdeps/x86_64/start.S:120
#5  0x44aaaa in ???
#6  0x445157 in ???
#7  0x14f0a3ab729c in ???
#8  0x4451b9 in ???
	at ../sysdeps/x86_64/start.S:120
#0  0x148c89759d4f in ???
#1  0x148c8988fdd8 in ???
#2  0x4cd502 in ???
#3  0x4dd588 in ???
#4  0x448007 in ???
#5  0x44aaaa in ???
#0  0x14b68ea91d4f in ???
#1  0x14b68ebc7dd8 in ???
#2  0x4cd502 in ???
#3  0x4dd588 in ???
#4  0x448007 in ???
#5  0x44aaaa in ???
#6  0x445157 in ???
#7  0x14b68ea7c29c in ???
#8  0x4451b9 in ???
	at ../sysdeps/x86_64/start.S:120
#0  0x14e38be6cd4f in ???
#1  0x14e38bfa2dd8 in ???
#2  0x4cd502 in ???
#3  0x4dd588 in ???
#4  0x448007 in ???
#5  0x44aaaa in ???
#6  0x445157 in ???
#7  0x14e38be5729c in ???
#8  0x4451b9 in ???
	at ../sysdeps/x86_64/start.S:120
#0  0x149b22fffd4f in ???
#1  0x149b23135dd8 in ???
#2  0x4cd502 in ???
#3  0x4dd588 in ???
#4  0x448007 in ???
#5  0x44aaaa in ???
#6  0x445157 in ???
#7  0x149b22fea29c in ???
#8  0x4451b9 in ???
	at ../sysdeps/x86_64/start.S:120
#0  0x14bab9f6ad4f in ???
#1  0x14baba0a0dd8 in ???
#2  0x4cd502 in ???
#3  0x4dd588 in ???
#4  0x448007 in ???
#5  0x44aaaa in ???
#6  0x445157 in ???
#7  0x14bab9f5529c in ???
#8  0x4451b9 in ???
	at ../sysdeps/x86_64/start.S:120
#6  0x445157 in ???
#7  0x148c8974429c in ???
#8  0x4451b9 in ???
	at ../sysdeps/x86_64/start.S:120
#0  0x14a9954e7d4f in ???
#1  0x14a99561ddd8 in ???
#2  0x4cd502 in ???
#3  0x4dd588 in ???
#4  0x448007 in ???
#5  0x44aaaa in ???
#6  0x445157 in ???
#7  0x14a9954d229c in ???
#8  0x4451b9 in ???
	at ../sysdeps/x86_64/start.S:120
#0  0x149061ff7d4f in ???
#1  0x14906212ddd8 in ???
#2  0x4cd502 in ???
#3  0x4dd588 in ???
#4  0x448007 in ???
#5  0x44aaaa in ???
#6  0x445157 in ???
#7  0x149061fe229c in ???
#8  0x4451b9 in ???
	at ../sysdeps/x86_64/start.S:120
#0  0x14cf5057bd4f in ???
#1  0x14cf506b1dd8 in ???
#2  0x4cd502 in ???
#3  0x4dd588 in ???
#4  0x448007 in ???
#5  0x44aaaa in ???
#6  0x445157 in ???
#7  0x14cf5056629c in ???
#8  0x4451b9 in ???
	at ../sysdeps/x86_64/start.S:120
#0  0x14fe9fd53d4f in ???
#1  0x14fe9fe89dd8 in ???
#2  0x4cd502 in ???
#3  0x4dd588 in ???
#4  0x448007 in ???
#5  0x44aaaa in ???
#6  0x445157 in ???
#7  0x14fe9fd3e29c in ???
#0  0x14c538774d4f in ???
#1  0x14c5388aadd8 in ???
#2  0x4cd502 in ???
#3  0x4dd588 in ???
#4  0x448007 in ???
#5  0x44aaaa in ???
#6  0x445157 in ???
#7  0x14c53875f29c in ???
#8  0x4451b9 in ???
	at ../sysdeps/x86_64/start.S:120
#0  0x150d93e9ed4f in ???
#1  0x150d93fd4dd8 in ???
#2  0x4cd502 in ???
#3  0x4dd588 in ???
#4  0x448007 in ???
#5  0x44aaaa in ???
#6  0x445157 in ???
#7  0x150d93e8929c in ???
#8  0x4451b9 in ???
	at ../sysdeps/x86_64/start.S:120
#0  0x14cc069abd4f in ???
#1  0x14cc06ae1dd8 in ???
#2  0x4cd502 in ???
#3  0x4dd588 in ???
#4  0x448007 in ???
#5  0x44aaaa in ???
#6  0x445157 in ???
#7  0x14cc0699629c in ???
#8  0x4451b9 in ???
	at ../sysdeps/x86_64/start.S:120
#8  0x4451b9 in ???
	at ../sysdeps/x86_64/start.S:120
#0  0x1539ab84cd4f in ???
#1  0x1539ab982dd8 in ???
#2  0x4cd502 in ???
#3  0x4dd588 in ???
#4  0x448007 in ???
#5  0x44aaaa in ???
#6  0x445157 in ???
#7  0x1539ab83729c in ???
#8  0x4451b9 in ???
	at ../sysdeps/x86_64/start.S:120
#0  0x1534ad434d4f in ???
#1  0x1534ad56add8 in ???
#2  0x4cd502 in ???
#3  0x4dd588 in ???
#4  0x448007 in ???
#5  0x44aaaa in ???
#6  0x445157 in ???
#7  0x1534ad41f29c in ???
#8  0x4451b9 in ???
	at ../sysdeps/x86_64/start.S:120
#0  0x151305846d4f in ???
#1  0x15130597cdd8 in ???
#2  0x4cd502 in ???
#3  0x4dd588 in ???
#4  0x448007 in ???
#5  0x44aaaa in ???
#6  0x445157 in ???
#7  0x15130583129c in ???
#8  0x4451b9 in ???
	at ../sysdeps/x86_64/start.S:120
#0  0x14b1984ddd4f in ???
#1  0x14b198613dd8 in ???
#2  0x4cd502 in ???
#3  0x4dd588 in ???
#4  0x448007 in ???
#5  0x44aaaa in ???
#0  0x149941d66d4f in ???
#1  0x149941e9cdd8 in ???
#2  0x4cd502 in ???
#3  0x4dd588 in ???
#4  0x448007 in ???
#5  0x44aaaa in ???
#6  0x445157 in ???
#7  0x149941d5129c in ???
#8  0x4451b9 in ???
	at ../sysdeps/x86_64/start.S:120
#0  0x14fee134cd4f in ???
#1  0x14fee1482dd8 in ???
#2  0x4cd502 in ???
#6  0x445157 in ???
#7  0x14b1984c829c in ???
#8  0x4451b9 in ???
	at ../sysdeps/x86_64/start.S:120
#3  0x4dd588 in ???
#4  0x448007 in ???
#5  0x44aaaa in ???
#6  0x445157 in ???
#7  0x14fee133729c in ???
#8  0x4451b9 in ???
	at ../sysdeps/x86_64/start.S:120
#0  0x1499d92b1d4f in ???
#1  0x1499d93e7dd8 in ???
#2  0x4cd502 in ???
#3  0x4dd588 in ???
#4  0x448007 in ???
#5  0x44aaaa in ???
#6  0x445157 in ???
#7  0x1499d929c29c in ???
#8  0x4451b9 in ???
	at ../sysdeps/x86_64/start.S:120
#0  0x14b8672b5d4f in ???
#1  0x14b8673ebdd8 in ???
#2  0x4cd502 in ???
#3  0x4dd588 in ???
#4  0x448007 in ???
#5  0x44aaaa in ???
#6  0x445157 in ???
#7  0x14b8672a029c in ???
#8  0x4451b9 in ???
	at ../sysdeps/x86_64/start.S:120
#0  0x14dde52b8d4f in ???
#1  0x14dde53eedd8 in ???
#2  0x4cd502 in ???
#3  0x4dd588 in ???
#4  0x448007 in ???
#5  0x44aaaa in ???
#6  0x445157 in ???
#7  0x14dde52a329c in ???
#8  0x4451b9 in ???
	at ../sysdeps/x86_64/start.S:120
#0  0x145f2311dd4f in ???
#1  0x145f23253dd8 in ???
#2  0x4cd502 in ???
#3  0x4dd588 in ???
#4  0x448007 in ???
#5  0x44aaaa in ???
#6  0x445157 in ???
#7  0x145f2310829c in ???
#8  0x4451b9 in ???
	at ../sysdeps/x86_64/start.S:120
#0  0x14eb839cdd4f in ???
#1  0x14eb83b03dd8 in ???
#2  0x4cd502 in ???
#3  0x4dd588 in ???
#4  0x448007 in ???
#5  0x44aaaa in ???
#6  0x445157 in ???
#7  0x14eb839b829c in ???
#8  0x4451b9 in ???
	at ../sysdeps/x86_64/start.S:120
#0  0x14e34655bd4f in ???
#1  0x14e346691dd8 in ???
#2  0x4cd502 in ???
#3  0x4dd588 in ???
#4  0x448007 in ???
#5  0x44aaaa in ???
#6  0x445157 in ???
#7  0x14e34654629c in ???
#8  0x4451b9 in ???
	at ../sysdeps/x86_64/start.S:120
#0  0x151c38bedd4f in ???
#1  0x151c38d23dd8 in ???
#2  0x4cd502 in ???
#3  0x4dd588 in ???
#4  0x448007 in ???
#5  0x44aaaa in ???
#6  0x445157 in ???
#7  0x151c38bd829c in ???
#8  0x4451b9 in ???
	at ../sysdeps/x86_64/start.S:120
#0  0x14f7ca3c6d4f in ???
#1  0x14f7ca4fcdd8 in ???
#2  0x4cd502 in ???
#3  0x4dd588 in ???
#4  0x448007 in ???
#5  0x44aaaa in ???
#6  0x445157 in ???
#7  0x14f7ca3b129c in ???
#8  0x4451b9 in ???
	at ../sysdeps/x86_64/start.S:120
#0  0x14837a969d4f in ???
#1  0x14837aa9fdd8 in ???
#2  0x4cd502 in ???
#3  0x4dd588 in ???
#4  0x448007 in ???
#5  0x44aaaa in ???
#6  0x445157 in ???
#7  0x14837a95429c in ???
#8  0x4451b9 in ???
	at ../sysdeps/x86_64/start.S:120
#0  0x14ee13173d4f in ???
#1  0x14ee132a9dd8 in ???
#2  0x4cd502 in ???
#3  0x4dd588 in ???
#4  0x448007 in ???
#5  0x44aaaa in ???
#6  0x445157 in ???
#7  0x14ee1315e29c in ???
#8  0x4451b9 in ???
	at ../sysdeps/x86_64/start.S:120
#0  0x14f6d946fd4f in ???
#1  0x14f6d95a5dd8 in ???
#2  0x4cd502 in ???
#3  0x4dd588 in ???
#4  0x448007 in ???
#5  0x44aaaa in ???
#6  0x445157 in ???
#7  0x14f6d945a29c in ???
#8  0x4451b9 in ???
	at ../sysdeps/x86_64/start.S:120
#0  0x14eb9d390d4f in ???
#1  0x14eb9d4c6dd8 in ???
#2  0x4cd502 in ???
#3  0x4dd588 in ???
#4  0x448007 in ???
#5  0x44aaaa in ???
#6  0x445157 in ???
#7  0x14eb9d37b29c in ???
#8  0x4451b9 in ???
	at ../sysdeps/x86_64/start.S:120
#0  0x14cfa6855d4f in ???
#1  0x14cfa698bdd8 in ???
#2  0x4cd502 in ???
#3  0x4dd588 in ???
#4  0x448007 in ???
#5  0x44aaaa in ???
#6  0x445157 in ???
#7  0x14cfa684029c in ???
#8  0x4451b9 in ???
	at ../sysdeps/x86_64/start.S:120
#0  0x150f83032d4f in ???
#1  0x150f83168dd8 in ???
#2  0x4cd502 in ???
#3  0x4dd588 in ???
#4  0x448007 in ???
#5  0x44aaaa in ???
#6  0x445157 in ???
#7  0x150f8301d29c in ???
#8  0x4451b9 in ???
	at ../sysdeps/x86_64/start.S:120
srun: error: nid001376: tasks 0-127: Segmentation fault
srun: launch/slurm: _step_signal: Terminating StepId=5344137.0
Finished
    ADCIRC Exit Code: 139
    ERROR: ADCIRC did not exit cleanly.
